<?xml version="1.0" encoding="UTF-8"?>
<!-- Generated by org.testng.reporters.JUnitReportReporter -->
<testsuite hostname="sakoar1-w7" name="NativeApp.TestNativeApp" tests="1" failures="0" timestamp="23 Oct 2015 02:51:46 GMT" time="10.720" errors="0">
  <testcase name="Test" time="10.720" classname="NativeApp.TestNativeApp"/>
</testsuite> <!-- NativeApp.TestNativeApp -->
